<?xml version="1.0" encoding="UTF-8"?>
<!-- Generated by org.testng.reporters.JUnitReportReporter -->
<testsuite hostname="DIN07004820" name="com.capgemini.executor.NewParallelExecutioner" tests="2" failures="0" timestamp="20 Nov 2014 06:47:48 GMT" time="66.494" errors="0">
  <testcase name="executer" time="33.247" classname="com.capgemini.executor.NewParallelExecutioner"/>
  <testcase name="executer" time="33.247" classname="com.capgemini.executor.NewParallelExecutioner"/>
</testsuite> <!-- com.capgemini.executor.NewParallelExecutioner -->
