<?xml version="1.0" encoding="UTF-8"?>
<!-- Generated by org.testng.reporters.JUnitReportReporter -->
<testsuite hostname="LIN16009221" name="selenium.ReportTest" tests="1" failures="0" timestamp="31 Oct 2017 07:26:52 GMT" time="0.016" errors="0">
  <testcase name="testMethodName" time="0.016" classname="selenium.ReportTest"/>
</testsuite> <!-- selenium.ReportTest -->
