<?xml version="1.0" encoding="UTF-8"?>
<!-- Generated by org.testng.reporters.JUnitReportReporter -->
<testsuite hostname="LIN16009221" name="selenium.ReportClassTest" tests="3" failures="0" timestamp="31 Oct 2017 11:35:49 GMT" time="0.047" errors="0">
  <testcase name="testMethodName2" time="0.000" classname="selenium.ReportClassTest"/>
  <testcase name="testMethodName1" time="0.016" classname="selenium.ReportClassTest"/>
  <testcase name="testMethodName" time="0.031" classname="selenium.ReportClassTest"/>
</testsuite> <!-- selenium.ReportClassTest -->
